Arguments: 
  /Users/shawn/.nvm/versions/node/v16.15.0/bin/node /opt/homebrew/Cellar/yarn/1.22.18/libexec/bin/yarn.js install

PATH: 
  /Users/shawn/Library/pnpm:/Users/shawn/.nvm/versions/node/v16.15.0/bin:/opt/homebrew/bin:/Users/shawn/.fig/bin:/Users/shawn/.local/bin:/usr/local/bin:/usr/bin:/bin:/usr/sbin:/sbin:/Users/shawn/Library/pnpm:/Users/shawn/.nvm/versions/node/v16.15.0/bin:/Users/shawn/.local/share/nvm/v16.14.2/bin

Yarn version: 
  1.22.18

Node version: 
  16.15.0

Platform: 
  darwin arm64

Trace: 
  Error: ENOENT: no such file or directory, copyfile '/Users/shawn/Library/Caches/Yarn/v6/npm-globals-13.15.0-38113218c907d2f7e98658af246cef8b77e90bac-integrity/node_modules/globals/globals.json' -> '/Users/shawn/proj/dark-mode-pure-vanilla-extract/node_modules/@eslint/eslintrc/node_modules/globals/globals.json'

npm manifest: 
  {
    "name": "dark-mode-pure-vanilla-extract",
    "description": "",
    "keywords": [],
    "version": "0.0.2",
    "main": "src/index.ts",
    "author": "SEEK",
    "scripts": {
      "start": "webpack serve",
      "build": "webpack",
      "playroom:start": "playroom start",
      "playroom:build": "playroom build"
    },
    "private": true,
    "dependencies": {
      "@babel/preset-env": "^7.13.15",
      "@babel/preset-react": "^7.13.13",
      "@babel/preset-typescript": "^7.13.0",
      "@types/lodash.mapvalues": "4.6.6",
      "@vanilla-extract/babel-plugin": "^1.1.1",
      "@vanilla-extract/css": "1.6.1",
      "@vanilla-extract/sprinkles": "^1.3.0",
      "@vanilla-extract/webpack-plugin": "^2.1.0",
      "babel-loader": "^8.2.2",
      "css-loader": "^5.2.4",
      "html-webpack-plugin": "^5.3.1",
      "lodash.mapvalues": "4.6.0",
      "mini-css-extract-plugin": "^2.6.0",
      "polished": "^4.1.2",
      "react": "^17.0.2",
      "react-dom": "^17.0.2",
      "tailwindcss": "^2.1.2",
      "webpack": "^5.36.1",
      "webpack-cli": "^4.6.0",
      "webpack-dev-server": "^3.11.2"
    },
    "devDependencies": {
      "@types/react": "^17",
      "@types/react-dom": "^17",
      "@types/tailwindcss": "^2",
      "playroom": "^0.28.0",
      "sku": "^11.4.0"
    }
  }

yarn manifest: 
  No manifest

Lockfile: 
  No lockfile
